MPASM  5.31                          LEDS.ASM   11-3-2022  11:28:07         PAGE  1


LOC  OBJECT CODE     LINE SOURCE TEXT
  VALUE

2007   3F10           00001         __config 3F10
                      00002         list P=16F628A
                      00003         #include <p16f628a.inc>
                      00001         LIST
                      00002 ; P16F628A.INC  Standard Header File, Version 1.10    Microchip Technology, Inc.
                      00265         LIST
                      00266 
                      00004 ;-----------------------------------------------------------------------------------
                      00005 ;EJERCICIO 2 - LUCES LEDS.
                      00006 ;-----------------------------------------------------------------------------------
                      00007                 CBLOCK 0x20
                      00008 
  00000020            00009 PDel0           ;0X21
  00000021            00010 PDel1           ;0X22
                      00011 
  00000022            00012 cont1           ;0X23
  00000023            00013 cont2           ;0X24
  00000024            00014 cont3           ;0X25
                      00015 
                      00016                 ENDC
                      00017 ;*********************************************************************************
                      00018  
                      00019         ORG             0x00
0000   1403           00020         BSF             STATUS,0                                ; activa la pagina 1
0001   30FF           00021         MOVLW           b'11111111'                             ; comparadores desactivados,
0002   009F           00022         MOVWF           CMCON                                   ; E/S digitales.
0003   1003           00023         BCF             STATUS,0                               ; volvemos a la pagina 0
0004   0186           00024         CLRF            PORTB                                   ; ponemos a 0 portb
                      00025  
0005                  00026 INICIO
                      00027 
                      00028                                                                                                         
                                                    ;PRENDER TODOS LOS LEDS
                      00029                                                                                                         
                                                    ;CON UNA DEMORA DE 1 SEGUNDO
0005   1406           00030                 BSF                     PORTB, 0
0006   1486           00031                 BSF                     PORTB, 1
0007   1506           00032                 BSF                     PORTB, 2
0008   1586           00033                 BSF                     PORTB, 3
0009   1606           00034                 BSF                     PORTB, 4
000A   1686           00035                 BSF                     PORTB, 5
000B   1706           00036                 BSF                     PORTB, 6
000C   1786           00037                 BSF                     PORTB, 7
000D   2???           00038                 CALL                    RETARDO
                      00039 
                      00040                                                                                                         
                                                    ;APAGO TODOS LOS LEDS CON UNA
                      00041                                                                                                         
                                                    ;DEMORA DE UN SEGUNDO
                      00042 
000E   1006           00043                 BCF                     PORTB, 0
000F   1086           00044                 BCF                     PORTB, 1
0010   1106           00045                 BCF                     PORTB, 2
MPASM  5.31                          LEDS.ASM   11-3-2022  11:28:07         PAGE  2


LOC  OBJECT CODE     LINE SOURCE TEXT
  VALUE

0011   1186           00046                 BCF                     PORTB, 3
0012   1206           00047                 BCF                     PORTB, 4
0013   1286           00048                 BCF                     PORTB, 5
0014   1306           00049                 BCF                     PORTB, 6
0015   1386           00050                 BCF                     PORTB, 7
0016   2???           00051                 CALL                    RETARDO
                      00052 
                      00053                                                                                                         
                                                    ;PRENDO TODOS LOS LEDS LUEGO
                      00054                                                                                                         
                                                    ;DE LA ANTERIOR DEMORA DE UN
                      00055                                                                                                         
                                                    ;SEGUNDO
                      00056 
0017   1406           00057                 BSF                     PORTB, 0
0018   1486           00058                 BSF                     PORTB, 1
0019   1506           00059                 BSF                     PORTB, 2
001A   1586           00060                 BSF                     PORTB, 3
001B   1606           00061                 BSF                     PORTB, 4
001C   1686           00062                 BSF                     PORTB, 5
001D   1706           00063                 BSF                     PORTB, 6
001E   1786           00064                 BSF                     PORTB, 7
001F   2???           00065                 CALL                    DEMORA                                                          
                                    ;SE USARÁ LA DEMORA DE MEDIO
                      00066                                                                                                         
                                                    ;SEGUNDO, OSEA 500 MS, PARA
                      00067                                                                                                         
                                                    ;PODER APAGARLOS.       
                      00068 
0020   1006           00069                 BCF                     PORTB, 0
0021   1086           00070                 BCF                     PORTB, 1
0022   1106           00071                 BCF                     PORTB, 2
0023   1186           00072                 BCF                     PORTB, 3
0024   1206           00073                 BCF                     PORTB, 4
0025   1286           00074                 BCF                     PORTB, 5
0026   1306           00075                 BCF                     PORTB, 6
0027   1386           00076                 BCF                     PORTB, 7
0028   2???           00077                 CALL                    RETARDO                                                         
                                    ;LUEGO DE UN RETARDO DE 1 SEGUNDO
                      00078                                                                                                         
                                                    ;EMPIEZA EL SIGUIENTE PUNTO.
                      00079 
                      00080                                                                                                         
                                                    ;PRENDE TODOS CON UNA DEMORA
                      00081                                                                                                         
                                                    ;DE 500 MS ENTRE ELLOS
                      00082 
0029   1406           00083         BSF             PORTB,0                                 ; pone a 1 RB0
002A   2???           00084         CALL            DEMORA
002B   1486           00085                 BSF                             PORTB,1                                                 
                                            ; PONE 1 AL RB1
002C   2???           00086                 CALL                    DEMORA
002D   1506           00087                 BSF                             PORTB,2                                                 
MPASM  5.31                          LEDS.ASM   11-3-2022  11:28:07         PAGE  3


LOC  OBJECT CODE     LINE SOURCE TEXT
  VALUE

                                            ; PONE 1 AL RB2
002E   2???           00088                 CALL                    DEMORA
002F   1586           00089                 BSF                             PORTB,3                                                 
                                            ; PONE 1 AL RB3
0030   2???           00090                 CALL                    DEMORA
                      00091 
                      00092                                                                                                         
                                                    ;PONE DEL RB3 AL RB0 EN 0
                      00093                                                                                                         
                                                    ;CON UNA DEMORA DE 500 MS
                      00094 
0031   1186           00095         BCF             PORTB,3                                 ; pone a 0 RB3
0032   2???           00096         CALL            DEMORA
0033   1106           00097         BCF             PORTB,2                                 ; pone a 0 RB2
0034   2???           00098         CALL            DEMORA   
0035   1086           00099         BCF             PORTB,1                                 ; pone a 0 RB1
0036   2???           00100         CALL            DEMORA 
0037   1006           00101         BCF             PORTB,0                                 ; pone a 0 RB0
0038   2???           00102         CALL            DEMORA     
                      00103  
0039   2???           00104         GOTO            INICIO                                  ; va a inicio
                      00105 
                      00106 ;---------------------------------------------------------------------------------------------
                      00107 ;DEMORAS DE UN SEGUNDO, SUBRUTINA.
                      00108 ;---------------------------------------------------------------------------------------------
                      00109 
                      00110                                                                                                         
                                                    ;ESTA SUBRUTINA HARÁ
                      00111                                                                                                         
                                                    ;UN CONTADOR DE UN 1S, QUE
                      00112                                                                                                         
                                                    ;IRÁ DECREMENTANDO PARA SU RETARDO
003A                  00113 RETARDO
                      00114         
003A   3023           00115                 MOVLW 0x23
003B   00A4           00116                 MOVWF cont3
003C                  00117 RETA3
003C   3064           00118                 movlw 0x64
003D   00A3           00119                 movwf cont2
003E                  00120 RETA2
003E   3064           00121                 movlw 0x64
003F   00A2           00122                 movwf cont1
0040                  00123 RETA1
0040   0BA2           00124                 decfsz cont1,f
0041   2???           00125                 goto RETA1
0042   0BA3           00126                 decfsz cont2,f
0043   2???           00127                 goto RETA2
0044   0BA4           00128                 decfsz cont3,f
0045   2???           00129                 goto RETA3
0046   0008           00130                 RETURN
                      00131         
                      00132         
                      00133         
MPASM  5.31                          LEDS.ASM   11-3-2022  11:28:07         PAGE  4


LOC  OBJECT CODE     LINE SOURCE TEXT
  VALUE

                      00134 ;---------------------------------------------------------------------------------------------
                      00135 ;       La demora a sido generada con el programa PDEL
                      00136 ;       Delay 250000 ciclos
                      00137 ;---------------------------------------------------------------------------------------------
                      00138  
0047   30C5           00139 DEMORA  movlw     .197                                          ; 1 set numero de repeticion  (B)
0048   00A0           00140         movwf     PDel0                                         ; 1
0049   30FD           00141 PLoop1  movlw     .253                                          ; 1 set numero de repeticion  (A)
004A   00A1           00142         movwf     PDel1                                         ; 1
004B   0064           00143 PLoop2  clrwdt                                                  ; 1 clear watchdog
004C   0064           00144         clrwdt                                                  ; 1 ciclo delay
004D   0BA1           00145         decfsz    PDel1,1                                       ; 1 + (1) es el tiempo 0  ? (A)
004E   2???           00146         goto      PLoop2                                        ; 2 no, loop
004F   0BA0           00147         decfsz    PDel0,1                                       ; 1 + (1) es el tiempo 0  ? (B)
0050   2???           00148         goto      PLoop1                                        ; 2 no, loop
0051   2???           00149 PDelL1  goto PDelL2                                             ; 2 ciclos delay
0052                  00150 PDelL2  
0052   0008           00151         return                                                  ; 2+2 Fin.
                      00152 ;----------------------------------------------------------------------------------------------
                      00153  
3F10                  00154         END                                        
MPASM  5.31                          LEDS.ASM   11-3-2022  11:28:07         PAGE  5


SYMBOL TABLE
  LABEL                             VALUE 

ADEN                              00000003
BRGH                              00000002
C                                 00000000
C1INV                             00000004
C1OUT                             00000006
C2INV                             00000005
C2OUT                             00000007
CCP1CON                           00000017
CCP1IE                            00000002
CCP1IF                            00000002
CCP1M0                            00000000
CCP1M1                            00000001
CCP1M2                            00000002
CCP1M3                            00000003
CCP1X                             00000005
CCP1Y                             00000004
CCPR1H                            00000016
CCPR1L                            00000015
CIS                               00000003
CM0                               00000000
CM1                               00000001
CM2                               00000002
CMCON                             0000001F
CMIE                              00000006
CMIF                              00000006
CREN                              00000004
CSRC                              00000007
DC                                00000001
DEMORA                            00000047
EEADR                             0000009B
EECON1                            0000009C
EECON2                            0000009D
EEDATA                            0000009A
EEIE                              00000007
EEIF                              00000007
F                                 00000001
FERR                              00000002
FSR                               00000004
GIE                               00000007
INDF                              00000000
INICIO                            00000005
INTCON                            0000000B
INTE                              00000004
INTEDG                            00000006
INTF                              00000001
IRP                               00000007
NOT_BO                            00000000
NOT_BOD                           00000000
NOT_BOR                           00000000
NOT_PD                            00000003
NOT_POR                           00000001
NOT_RBPU                          00000007
NOT_T1SYNC                        00000002
MPASM  5.31                          LEDS.ASM   11-3-2022  11:28:07         PAGE  6


SYMBOL TABLE
  LABEL                             VALUE 

NOT_TO                            00000004
OERR                              00000001
OPTION_REG                        00000081
OSCF                              00000003
PCL                               00000002
PCLATH                            0000000A
PCON                              0000008E
PDel0                             00000020
PDel1                             00000021
PDelL1                            00000051
PDelL2                            00000052
PEIE                              00000006
PIE1                              0000008C
PIR1                              0000000C
PLoop1                            00000049
PLoop2                            0000004B
PORTA                             00000005
PORTB                             00000006
PR2                               00000092
PS0                               00000000
PS1                               00000001
PS2                               00000002
PSA                               00000003
RBIE                              00000003
RBIF                              00000000
RCIE                              00000005
RCIF                              00000005
RCREG                             0000001A
RCSTA                             00000018
RD                                00000000
RETA1                             00000040
RETA2                             0000003E
RETA3                             0000003C
RETARDO                           0000003A
RP0                               00000005
RP1                               00000006
RX9                               00000006
RX9D                              00000000
SPBRG                             00000099
SPEN                              00000007
SREN                              00000005
STATUS                            00000003
SYNC                              00000004
T0CS                              00000005
T0IE                              00000005
T0IF                              00000002
T0SE                              00000004
T1CKPS0                           00000004
T1CKPS1                           00000005
T1CON                             00000010
T1OSCEN                           00000003
T2CKPS0                           00000000
T2CKPS1                           00000001
MPASM  5.31                          LEDS.ASM   11-3-2022  11:28:07         PAGE  7


SYMBOL TABLE
  LABEL                             VALUE 

T2CON                             00000012
TMR0                              00000001
TMR1CS                            00000001
TMR1H                             0000000F
TMR1IE                            00000000
TMR1IF                            00000000
TMR1L                             0000000E
TMR1ON                            00000000
TMR2                              00000011
TMR2IE                            00000001
TMR2IF                            00000001
TMR2ON                            00000002
TOUTPS0                           00000003
TOUTPS1                           00000004
TOUTPS2                           00000005
TOUTPS3                           00000006
TRISA                             00000085
TRISB                             00000086
TRMT                              00000001
TX9                               00000006
TX9D                              00000000
TXEN                              00000005
TXIE                              00000004
TXIF                              00000004
TXREG                             00000019
TXSTA                             00000098
VR0                               00000000
VR1                               00000001
VR2                               00000002
VR3                               00000003
VRCON                             0000009F
VREN                              00000007
VROE                              00000006
VRR                               00000005
W                                 00000000
WR                                00000001
WREN                              00000002
WRERR                             00000003
Z                                 00000002
_BODEN_OFF                        00003FBF
_BODEN_ON                         00003FFF
_BOREN_OFF                        00003FBF
_BOREN_ON                         00003FFF
_CP_OFF                           00003FFF
_CP_ON                            00001FFF
_DATA_CP_OFF                      00003FFF
_DATA_CP_ON                       00003EFF
_ER_OSC_CLKOUT                    00003FFF
_ER_OSC_NOCLKOUT                  00003FFE
_EXTCLK_OSC                       00003FEF
_HS_OSC                           00003FEE
_INTOSC_OSC_CLKOUT                00003FFD
_INTOSC_OSC_NOCLKOUT              00003FFC
MPASM  5.31                          LEDS.ASM   11-3-2022  11:28:07         PAGE  8


SYMBOL TABLE
  LABEL                             VALUE 

_INTRC_OSC_CLKOUT                 00003FFD
_INTRC_OSC_NOCLKOUT               00003FFC
_LP_OSC                           00003FEC
_LVP_OFF                          00003F7F
_LVP_ON                           00003FFF
_MCLRE_OFF                        00003FDF
_MCLRE_ON                         00003FFF
_PWRTE_OFF                        00003FFF
_PWRTE_ON                         00003FF7
_RC_OSC_CLKOUT                    00003FFF
_RC_OSC_NOCLKOUT                  00003FFE
_WDT_OFF                          00003FFB
_WDT_ON                           00003FFF
_XT_OSC                           00003FED
__16F628A                         00000001
__DEBUG                           1
cont1                             00000022
cont2                             00000023
cont3                             00000024

Errors   :     0
Warnings :     0 reported,     0 suppressed
Messages :     0 reported,     0 suppressed

